<?xml version="1.0" encoding="UTF-8"?>
<!-- Generated by org.testng.reporters.JUnitReportReporter -->
<testsuite hostname="DESKTOP-01LRPB8" failures="0" tests="4" name="testCase.LoginTest" time="12.455" errors="0" timestamp="2023-11-16T11:28:37 IST" skipped="0">
  <testcase classname="testCase.LoginTest" name="loginTest1" time="4.475"/>
  <system-out/>
  <testcase classname="testCase.LoginTest" name="loginPagePassword_TC2" time="1.269"/>
  <system-out/>
  <testcase classname="testCase.LoginTest" name="loginTestForgotPassword_TC3" time="3.153"/>
  <system-out/>
  <testcase classname="testCase.LoginTest" name="loginTestWrongDetail_TC4" time="3.558"/>
  <system-out/>
</testsuite> <!-- testCase.LoginTest -->
