<?xml version="1.0" encoding="UTF-8"?>
<!-- Generated by org.testng.reporters.JUnitReportReporter -->
<testsuite hostname="DESKTOP-01LRPB8" failures="0" tests="3" name="apiTests.LoginTest" time="14.873" errors="0" timestamp="2023-11-29T06:33:56 IST" skipped="2">
  <testcase classname="apiTests.LoginTest" name="getData_TC02" time="14.873"/>
  <system-out/>
  <testcase classname="apiTests.LoginTest" name="addData_TC02">
    <skipped/>
  </testcase> <!-- addData_TC02 -->
  <system-out/>
  <testcase classname="apiTests.LoginTest" name="loginTC_01">
    <skipped/>
  </testcase> <!-- loginTC_01 -->
  <system-out/>
</testsuite> <!-- apiTests.LoginTest -->
